<?xml version="1.0" encoding="UTF-8"?>
<!-- Generated by org.testng.reporters.JUnitReportReporter -->
<testsuite hostname="DESKTOP-69F8C34" name="com.firstProject.testCases.Tc_loginTest_001" tests="1" failures="0" timestamp="9 Apr 2023 19:37:09 GMT" time="4.826" errors="0">
  <testcase name="loginTest" time="4.826" classname="com.firstProject.testCases.Tc_loginTest_001"/>
</testsuite> <!-- com.firstProject.testCases.Tc_loginTest_001 -->
